<?xml version="1.0" encoding="UTF-8"?>
<!-- Generated by org.testng.reporters.JUnitReportReporter -->
<testsuite hostname="DESKTOP-G8DFGJ2" failures="0" tests="1" name="com.orange.runner.runner" time="10.199" errors="0" timestamp="5 Jan 2024 08:41:00 GMT">
  <testcase classname="com.orange.runner.runner" name="run" time="10.199"/>
</testsuite>
